<?xml version="1.0" encoding="UTF-8"?>
<testsuite name="JUnit Jupiter" tests="1" skipped="0" failures="0" errors="1" time="0.355" hostname="Nikos-MacBook-Air.local" timestamp="2025-10-18T15:11:54">
<properties>
[...]
</properties>
<testcase name="removeOrderValid()" classname="com.nibblenow.app.OrderUpdateServiceTest" time="0.343">
<error type="java.util.ConcurrentModificationException"><![CDATA[java.util.ConcurrentModificationException
	at java.base/java.util.ArrayList$Itr.checkForComodification(ArrayList.java:1096)
	at java.base/java.util.ArrayList$Itr.next(ArrayList.java:1050)
	at com.nibblenow.app.services.OrderUpdateService.cancelOrder(OrderUpdateService.java:16)
	at com.nibblenow.app.OrderUpdateServiceTest.removeOrderValid(OrderUpdateServiceTest.java:50)
	at java.base/java.lang.reflect.Method.invoke(Method.java:565)
	at java.base/java.util.ArrayList.forEach(ArrayList.java:1604)
	at java.base/java.util.ArrayList.forEach(ArrayList.java:1604)
]]></error>
<system-out><![CDATA[
unique-id: [engine:junit-jupiter]/[class:com.nibblenow.app.OrderUpdateServiceTest]/[method:removeOrderValid()]
display-name: removeOrderValid()
]]></system-out>
</testcase>
<system-out><![CDATA[
unique-id: [engine:junit-jupiter]
display-name: JUnit Jupiter
]]></system-out>
</testsuite>
